2020-02-21 21:28:25.745 ERROR org.springframework.boot.diagnostics.LoggingFailureAnalysisReporter Line:40  - 

***************************
APPLICATION FAILED TO START
***************************

Description:

Field userDetailsService in com.springboot.mall.config.SecurityConfig required a bean of type 'org.springframework.security.core.userdetails.UserDetailsService' that could not be found.

The injection point has the following annotations:
	- @org.springframework.beans.factory.annotation.Autowired(required=true)

The following candidates were found but could not be injected:
	- Bean method 'inMemoryUserDetailsManager' in 'UserDetailsServiceAutoConfiguration' not loaded because @ConditionalOnMissingBean (types: org.springframework.security.authentication.AuthenticationManager,org.springframework.security.authentication.AuthenticationProvider,org.springframework.security.core.userdetails.UserDetailsService; SearchStrategy: all) found beans of type 'org.springframework.security.authentication.AuthenticationManager' authenticationManagerBean


Action:

Consider revisiting the entries above or defining a bean of type 'org.springframework.security.core.userdetails.UserDetailsService' in your configuration.

2020-02-21 21:29:03.653 ERROR org.springframework.boot.diagnostics.LoggingFailureAnalysisReporter Line:40  - 

***************************
APPLICATION FAILED TO START
***************************

Description:

Field userDetailsService in com.springboot.mall.config.SecurityConfig required a bean of type 'org.springframework.security.core.userdetails.UserDetailsService' that could not be found.

The injection point has the following annotations:
	- @org.springframework.beans.factory.annotation.Autowired(required=true)

The following candidates were found but could not be injected:
	- Bean method 'inMemoryUserDetailsManager' in 'UserDetailsServiceAutoConfiguration' not loaded because @ConditionalOnMissingBean (types: org.springframework.security.authentication.AuthenticationManager,org.springframework.security.authentication.AuthenticationProvider,org.springframework.security.core.userdetails.UserDetailsService; SearchStrategy: all) found beans of type 'org.springframework.security.authentication.AuthenticationManager' authenticationManagerBean


Action:

Consider revisiting the entries above or defining a bean of type 'org.springframework.security.core.userdetails.UserDetailsService' in your configuration.

2020-02-21 21:35:10.560 ERROR org.springframework.boot.diagnostics.LoggingFailureAnalysisReporter Line:40  - 

***************************
APPLICATION FAILED TO START
***************************

Description:

Field userDetailsService in com.springboot.mall.config.SecurityConfig required a bean of type 'org.springframework.security.core.userdetails.UserDetailsService' that could not be found.

The injection point has the following annotations:
	- @org.springframework.beans.factory.annotation.Autowired(required=true)

The following candidates were found but could not be injected:
	- Bean method 'inMemoryUserDetailsManager' in 'UserDetailsServiceAutoConfiguration' not loaded because @ConditionalOnMissingBean (types: org.springframework.security.authentication.AuthenticationManager,org.springframework.security.authentication.AuthenticationProvider,org.springframework.security.core.userdetails.UserDetailsService; SearchStrategy: all) found beans of type 'org.springframework.security.authentication.AuthenticationManager' authenticationManagerBean


Action:

Consider revisiting the entries above or defining a bean of type 'org.springframework.security.core.userdetails.UserDetailsService' in your configuration.

